Arguments: 
  /usr/local/Cellar/node/9.8.0/bin/node /usr/local/Cellar/yarn/1.5.1_1/libexec/bin/yarn.js run seed

PATH: 
  ./bin:/Users/bricetessierhuort/.rbenv/shims:/usr/local/opt/rbenv/bin:/Users/bricetessierhuort/.rvm/gems/ruby-2.4.1/bin:/Users/bricetessierhuort/.rvm/gems/ruby-2.4.1@global/bin:/Users/bricetessierhuort/.rvm/rubies/ruby-2.4.1/bin:/usr/local/bin:/usr/bin:/bin:/usr/sbin:/sbin:/Users/bricetessierhuort/.rvm/bin

Yarn version: 
  1.5.1

Node version: 
  9.8.0

Platform: 
  darwin x64

npm manifest: 
  {
    "name": "starwars-names",
    "version": "1.0.0",
    "description": "Get random Star Wars names",
    "main": "dist/index.js",
    "scripts": {
      "prebuild": "rimraf dist",
      "build": "npm-run-all --parallel build:*",
      "build:main": "babel --copy-files --out-dir dist --ignore *.test.js src",
      "build:umd": "webpack --output-filename index.umd.js",
      "build:umd.min": "webpack --output-filename index.umd.min.js -p",
      "test": "cross-env NODE_ENV=test nyc mocha",
      "watch:test": "mocha --watch",
      "report-coverage": "cat ./coverage/lcov.info | codecov",
      "lint": "eslint src",
      "validate": "npm-run-all --parallel test lint build"
    },
    "repository": {
      "type": "git",
      "url": "git+https://github.com/kentcdodds/starwars-names.git"
    },
    "keywords": [
      "random",
      "star wars"
    ],
    "files": [
      "dist"
    ],
    "author": "Kent C. Dodds <kent@doddsfamily.us> (http://kentcdodds.com/)",
    "license": "MIT",
    "bugs": {
      "url": "https://github.com/kentcdodds/starwars-names/issues"
    },
    "homepage": "https://github.com/kentcdodds/starwars-names#readme",
    "dependencies": {
      "unique-random-array": "1.0.0"
    },
    "devDependencies": {
      "babel-cli": "6.11.4",
      "babel-loader": "6.2.4",
      "babel-plugin-istanbul": "1.0.3",
      "babel-preset-es2015": "6.9.0",
      "babel-register": "6.11.6",
      "chai": "3.5.0",
      "codecov": "^3.0.0",
      "cross-env": "2.0.0",
      "eslint": "3.2.0",
      "eslint-config-kentcdodds": "^9.0.0",
      "ghooks": "1.3.2",
      "json-loader": "0.5.4",
      "mocha": "3.0.0",
      "npm-run-all": "2.3.0",
      "nyc": "7.1.0",
      "rimraf": "2.5.4",
      "webpack": "1.13.1"
    },
    "nyc": {
      "all": true,
      "check-coverage": true,
      "branches": 100,
      "function": 100,
      "lines": 100,
      "statements": 100,
      "reporter": [
        "text",
        "lcov"
      ],
      "include": [
        "src"
      ],
      "sourceMap": false,
      "instrument": false,
      "require": [
        "babel-register"
      ]
    },
    "babel": {
      "presets": [
        "es2015"
      ],
      "env": {
        "test": {
          "plugins": [
            "istanbul"
          ]
        }
      }
    },
    "config": {
      "ghooks": {
        "pre-commit": "npm run validate"
      }
    }
  }

yarn manifest: 
  No manifest

Lockfile: 
  No lockfile

Trace: 
  Error: Command "seed" not found.
      at new MessageError (/usr/local/Cellar/yarn/1.5.1_1/libexec/lib/cli.js:186:110)
      at /usr/local/Cellar/yarn/1.5.1_1/libexec/lib/cli.js:87307:17
      at Generator.next (<anonymous>)
      at step (/usr/local/Cellar/yarn/1.5.1_1/libexec/lib/cli.js:98:30)
      at /usr/local/Cellar/yarn/1.5.1_1/libexec/lib/cli.js:116:14
      at new Promise (<anonymous>)
      at new F (/usr/local/Cellar/yarn/1.5.1_1/libexec/lib/cli.js:23451:28)
      at /usr/local/Cellar/yarn/1.5.1_1/libexec/lib/cli.js:95:12
      at runCommand (/usr/local/Cellar/yarn/1.5.1_1/libexec/lib/cli.js:87312:22)
      at Object.<anonymous> (/usr/local/Cellar/yarn/1.5.1_1/libexec/lib/cli.js:87412:14)
